[debug] [2023-08-15T18:12:01.562Z] ----------------------------------------------------------------------
[debug] [2023-08-15T18:12:01.564Z] Command:       C:\Program Files\nodejs\node.exe C:\Users\ManishSingh\AppData\Roaming\npm\node_modules\firebase-tools\lib\bin\firebase.js init
[debug] [2023-08-15T18:12:01.564Z] CLI Version:   12.4.7
[debug] [2023-08-15T18:12:01.565Z] Platform:      win32
[debug] [2023-08-15T18:12:01.565Z] Node Version:  v18.12.1
[debug] [2023-08-15T18:12:01.566Z] Time:          Tue Aug 15 2023 23:42:01 GMT+0530 (India Standard Time)
[debug] [2023-08-15T18:12:01.566Z] ----------------------------------------------------------------------
[debug] 
[debug] [2023-08-15T18:12:01.574Z] > command requires scopes: ["email","openid","https://www.googleapis.com/auth/cloudplatformprojects.readonly","https://www.googleapis.com/auth/firebase","https://www.googleapis.com/auth/cloud-platform"]
[debug] [2023-08-15T18:12:01.575Z] > authorizing via signed-in user (mks8871203386@gmail.com)
[info] 
     ######## #### ########  ######## ########     ###     ######  ########
     ##        ##  ##     ## ##       ##     ##  ##   ##  ##       ##
     ######    ##  ########  ######   ########  #########  ######  ######
     ##        ##  ##    ##  ##       ##     ## ##     ##       ## ##
     ##       #### ##     ## ######## ########  ##     ##  ######  ########

You're about to initialize a Firebase project in this directory:

  C:\Users\ManishSingh\Desktop\Web Devlopment\Portfolio_Websites\FileSharingProj\server

[info] 
=== Project Setup
[info] 
[info] First, let's associate this project directory with a Firebase project.
[info] You can create multiple project aliases by running firebase use --add, 
[info] but for now we'll just set up a default project.
[info] 
[debug] [2023-08-15T18:12:40.855Z] >>> [apiv2][query] GET https://firebase.googleapis.com/v1beta1/projects pageSize=100
[debug] [2023-08-15T18:12:41.896Z] <<< [apiv2][status] GET https://firebase.googleapis.com/v1beta1/projects 200
[debug] [2023-08-15T18:12:41.897Z] <<< [apiv2][body] GET https://firebase.googleapis.com/v1beta1/projects [omitted]
[info] i  Using project sharefiles-718f5 (sharefiles) 
[info] 
=== Hosting Setup
[info] 
[info] Your public directory is the folder (relative to your project directory) that
[info] will contain Hosting assets to be uploaded with firebase deploy. If you
[info] have a build process for your assets, use your build's output directory.
[info] 
